-------------------Functions (Static) 1832 -------------------
AddValidMission void (string, string)
NextCommandCompletion string ()
StartCommandCompletion string (string)
ToolInterface_CreateCustomButton void (string, string, string)
ToolInterface_DestroyCustomButton void (string)
ach_EnableAchievement void (string, bool)
ach_EnableAllAchievements void (bool)
ach_Reset void ()
ach_SetAchievement void (string)
ach_UpdateAllAchievements void ()
address_DespawnProp void (int)
address_GetCustomData int (int, int)
address_GetDebugName string (int)
address_GetGOH handle (int)
address_GetName string (int)
address_GetOrientation vector (int)
address_GetParent int (int)
address_GetPosition vector (int)
address_GetType int (int)
address_IsChildOf bool (int, int)
address_IsValid bool (int)
address_Local2World vector (int, vector)
address_SetCustomData void (int, int, int)
address_SetGOH void (int, handle, bool)
address_SpawnProp handle (int)
address_World2Local vector (int, vector)
ai_AddPatrolPoint void (handle, vector, vector, string)
ai_AdjustPositionOverground void (handle, bool)
ai_BlowDisguise void (handle, float)
ai_BoostTarget void (handle, handle, float)
ai_CanReserveActiveSlotBudget bool ()
ai_CancelActiveSlotReservation bool ()
ai_CancelCommandSequence void (handle)
ai_CharacterizeFromReserved bool ()
ai_CheckAirDestination void (vector, float)
ai_CheckNavmeshArea bool (vector)
ai_ClearAllBlownDisguise void (handle)
ai_ClearAllStrikeTeams void ()
ai_ClearBoostedTargets void (handle)
ai_ClearDefendArea void (handle)
ai_ClearDefendPost void (handle)
ai_ClearExclusiveTask void (handle)
ai_ClearFixedAreaDestination void (handle)
ai_ClearFixedTarget void (handle)
ai_ClearFocusTarget void (handle)
ai_ClearFollowInformation void (handle)
ai_ClearGrabTarget void (handle)
ai_ClearPatrolPath void (handle)
ai_ClearRadioerExclusions void ()
ai_ClearSelectedCharacter void ()
ai_ClearTarget void (handle)
ai_CommitSuicide void (handle)
ai_ComputeIsGOInTrigger bool (handle, handle)
ai_ControlCharacter void (handle, int)
ai_Debug void (string)
ai_DebugCallStrikeTeam void (handle)
ai_DebugIntProp void (string, float)
ai_DisableLanes void (handle, bool)
ai_DontTarget void (handle, bool)
ai_DrawCircle void (vector, float, float, float, float, float)
ai_DrawFreeHeight void (vector, float, float, bool)
ai_DrawHeightMapCell void (vector)
ai_DrawLine void (vector, vector)
ai_DumpAddToHeightmapWatermark void ()
ai_DumpCharacterBudgetInfo void ()
ai_DumpMilitaryRestrictedVolumes void ()
ai_DumpTokenInfo void (handle)
ai_EnableFriendlyFireDamageReduction void (bool)
ai_EnableLulls void (bool)
ai_EnableSmartNode void (handle, string, bool)
ai_EnableStealthConsumeRimLighting void (handle, bool, bool)
ai_EnableStrikeTeams void (bool)
ai_EvolvedInstaTransform void (handle)
ai_ExcludeRadioerByClassname void (string)
ai_FindGroundHeight float (vector, bool)
ai_FindStealthConsumeAllowed bool (handle)
ai_ForceSee void (handle, handle, float)
ai_GetBioBomb handle (handle)
ai_GetBrakingDistance float (handle)
ai_GetCentrePos vector ()
ai_GetCharacterBudget int (int)
ai_GetClassName string (handle)
ai_GetClosestCharacterToCamera handle ()
ai_GetCurrentPackLeaderSummonInfo_Level int (handle)
ai_GetCurrentPackLeaderSummonInfo_SpawnCount int (handle)
ai_GetDriverState string (handle)
ai_GetEvolvedGOHFromShell handle (handle)
ai_GetEvolvedShell handle (handle)
ai_GetFocusTarget handle (handle)
ai_GetGrabTarget handle (handle)
ai_GetMaxBlownTimeDisguise float (handle)
ai_GetMaxCharacters int ()
ai_GetMaxTokens int (handle, int)
ai_GetMovementSpeed float (handle)
ai_GetNpcDamageMultiplier float (handle)
ai_GetNumWebConnectionMatchesNameAttribute int (handle, string, string)
ai_GetNumWebConnectionMatchesWebName int (handle, string)
ai_GetPatrolPathPointOrientation vector (handle, int)
ai_GetPatrolPathPointPosition vector (handle, int)
ai_GetPhysicsVelocity vector (handle)
ai_GetRadioer handle (vector)
ai_GetRangedTargetPoint vector (handle)
ai_GetSpawnerMaxCount int (handle)
ai_GetSpawnerMinCount int (handle)
ai_GetSpawnerNumberToSpawn int (handle)
ai_GetSpawnerTemplate string (handle)
ai_GetSpawnerTotalCount int (handle)
ai_GetSquad handle (handle)
ai_GetTarget handle (handle)
ai_GetTemporaryTarget handle (handle)
ai_GetTimeSliceCharacters bool ()
ai_GetWebConnectedObject handle (handle, int)
ai_GetWebConnectedObjectByNameAttribute handle (handle, string, string)
ai_GrabObject void (handle, handle, string, vector, vector)
ai_HasLineOfSight bool (handle, vector)
ai_HaveStrikeTeamAround bool ()
ai_HideAgent void (handle, float)
ai_IsAllyOfMilitary bool (handle)
ai_IsAllyOfMotherForces bool (handle)
ai_IsAutonomous bool (handle)
ai_IsCharacterFrozen bool (handle)
ai_IsHeliLanded bool (handle, float)
ai_IsHostileOfMilitary bool (handle)
ai_IsPlayerInBase bool (handle)
ai_IsPlayerInPerimeter bool (handle)
ai_IsPlayerInVehicle bool (handle)
ai_IsPointInLoadedCell bool (vector)
ai_IsSquad bool (handle)
ai_IsStrikeTeamsEnabled bool ()
ai_JumpTo void (handle, vector)
ai_KillAllNPCs void ()
ai_Laser void (handle, string, vector, handle, string, vector)
ai_LockOutTankMovement void (handle, bool)
ai_NPCRender void (handle, bool, bool)
ai_NonManaged_SpawnAtLocator_CPP handle (string, string, handle)
ai_NonManaged_Spawn_CPP handle (string, string, vector, vector, string)
ai_OverrideAutoTargetPriorityList void (handle, string)
ai_OverrideSuspicionMeter void (handle, float)
ai_PackLeaderActivateDevolvedInfectedControl void (handle)
ai_PrintFightDiagnostics void ()
ai_PrintMotionState void (handle)
ai_PrintTask void (handle, string)
ai_PurgeKissOfDeathGuys void ()
ai_RecalculateHeightmap void (handle)
ai_RemoveAllHunterVisionTargets void (handle, handle)
ai_RemoveHunterVisionTarget void (handle, handle)
ai_RemoveMilitaryBase void (string)
ai_RemoveScriptedTask void (handle)
ai_ReportAirStrike void ()
ai_RequestLull void (bool)
ai_ReserveActiveSlotCount int ()
ai_Reset void (handle)
ai_ResetActions void (handle)
ai_ResetAddToHeightmapWatermark void ()
ai_ResetBioBomb void (handle, handle)
ai_ResetCategoryCharacterBudgets void ()
ai_ResetCharacterBudgets void ()
ai_ResetMaxTokensMsg void (handle)
ai_SelectCharacter void (handle)
ai_SendAiTreeEvent void (handle, string, int)
ai_SendAlert void (table)
ai_SendDiversions void (handle)
ai_SetAIEnabled void (bool)
ai_SetAITreeState void (handle, string)
ai_SetAffectSuspicion void (handle, bool)
ai_SetAlertRadius void (float)
ai_SetAllyWithMilitary void (handle, bool)
ai_SetAllyWithMotherForces void (handle, bool)
ai_SetAlwaysBlownAlexDisguise void (handle, bool)
ai_SetAlwaysBlownDisguise void (handle, bool)
ai_SetAutoSpawnStrikeTeam void (bool)
ai_SetBioBomb void (handle, handle, float, bool)
ai_SetBlind void (handle, bool)
ai_SetBloodToxState void (handle, bool)
ai_SetBrakingDistance void (handle, float)
ai_SetCategoryCharacterBudget void (int, int, bool)
ai_SetCharacterAIEnabled void (handle, bool)
ai_SetCharacterBudget void (int, int)
ai_SetDamageScaleByType void (handle, string)
ai_SetDefaultPolicy void (string, float, int, int, bool)
ai_SetDefendArea void (handle, vector, vector, float)
ai_SetDefendPost void (handle, vector, vector)
ai_SetDefendVolume void (handle, vector, vector, handle)
ai_SetDelayTimeSpawnStrikeTeam void (float)
ai_SetDisableFriendlyFire void (handle, bool)
ai_SetDisableMilitaryAmbientsDelay void (float)
ai_SetDisableSnifferSuspicion void (handle, bool)
ai_SetDisguiseDebugLevel void (int)
ai_SetDisguiseIncidentConfig void (handle, string)
ai_SetDisguiseIncidentGracePeriod void (handle, float)
ai_SetDriver void (handle, string)
ai_SetEnableMilitaryAmbientsDelay void (float)
ai_SetEvolvedShell void (handle, handle)
ai_SetExclusionRadius void (handle, vector, float)
ai_SetExclusionVolume void (handle, handle)
ai_SetExclusiveTask void (handle, string, table)
ai_SetExtraFriendlyFireFactor void (handle, float)
ai_SetFactorForDeathIncident void (float)
ai_SetFactorForInVehicleIncident void (float, float, float)
ai_SetFactorForMilitaryInCombatIncident void (float)
ai_SetFixedAreaDestination void (handle, vector, float)
ai_SetFixedTarget void (handle, handle)
ai_SetFocusTarget void (handle, handle)
ai_SetFocusTargetOffset void (handle, vector)
ai_SetFocusTargetWithCurrentOffset void (handle, handle)
ai_SetFollowInformation void (handle, handle, vector)
ai_SetFollowInformationFromPosition void (handle, handle)
ai_SetFollowInformationWorldSpace void (handle, handle, vector)
ai_SetForceSprint void (handle, bool)
ai_SetGameObjectLOD void (handle, int)
ai_SetGlobalNpcDamageMultiplier void (float)
ai_SetGrabTarget void (handle, handle)
ai_SetHeightmapCellSize void (int)
ai_SetHelicopterGlobalMaxHeight void (float)
ai_SetHostileWithMilitary void (handle, bool)
ai_SetHunterColliderType void (handle, bool)
ai_SetHunterJumper void (handle)
ai_SetHunterVisionTargetReacting void (handle, handle, bool)
ai_SetIdleTask void (handle, string, table)
ai_SetIncidentIntensityDamage void (int, float, float)
ai_SetJumpMinMaxHeight void (handle, bool, float, float)
ai_SetJumpWhenDestinationUnreachable void (handle, bool)
ai_SetLifeTimeOwner void (handle, handle)
ai_SetMaxBlownTimeDisguise void (handle, float)
ai_SetMaxCharacters void (int)
ai_SetMaxRadioHQAge void (float)
ai_SetMaxRadioStrikeTeamAge void (float)
ai_SetMaxStrikeTeamMeter void (float)
ai_SetMaxTaintedEvolved void (int)
ai_SetMaxTokens void (handle, int, int)
ai_SetMilitaryBase void (string, handle, vector, float)
ai_SetMilitaryBaseVolume void (string, handle, handle)
ai_SetMilitaryRestrictedPerimeter void (handle, bool)
ai_SetMilitaryRestrictedVolume void (handle, bool)
ai_SetMinMaxGameIntensity void (float, float)
ai_SetMinStrikeTeamTimeHome void (float)
ai_SetMotionAction void (handle, string)
ai_SetMovementSpeed void (handle, float)
ai_SetNPCDamageMultiplierAppliesToPlayerAndPlayerVechicles void (bool)
ai_SetNPCLODState void (handle, int)
ai_SetNpcDamageMultiplier void (handle, float)
ai_SetPackInfectedActionMassMeterFactor void (float)
ai_SetPackLeaderSummonLevel void (handle, int)
ai_SetPackLeaderTarget void (handle, handle)
ai_SetPatrolPath void (handle, handle)
ai_SetPatrolPathClosed void (handle, bool)
ai_SetPatrolSpeed void (handle, float)
ai_SetPatrolTolerance void (handle, float)
ai_SetPatrolUseOrientation void (handle, bool)
ai_SetPedTargetTestRadius void (handle, float)
ai_SetPersistent void (handle, bool)
ai_SetPlayerBuff void (float)
ai_SetPlayerInBase void (handle, bool)
ai_SetPlayerInPerimeter void (handle, bool)
ai_SetPlayerInvisible void (handle, bool)
ai_SetPolicy void (handle, float, int, int, bool)
ai_SetPolicyByName void (handle, string)
ai_SetPreventSprint void (handle, bool)
ai_SetRegeneration void (handle, float, float, float)
ai_SetRestrictedRadius void (handle, vector, float)
ai_SetRestrictedVolume void (handle, handle)
ai_SetScriptedTask void (handle, string, table)
ai_SetSmartTarget void (handle, float)
ai_SetSpawnerMaxCount void (handle, int)
ai_SetSpawnerMinCount void (handle, int)
ai_SetSpawnerTemplate void (handle, string)
ai_SetSpawnerTotalCount void (handle, int)
ai_SetSquadTarget void (handle, handle)
ai_SetStrikeTeamsAvailable void (int)
ai_SetStrikeTeamsEnabledTimer void (float)
ai_SetTaintedEvolvedSpawnChance void (float)
ai_SetTankAvoidProps void (handle, bool)
ai_SetTankCrushIncidentIntensity void (float)
ai_SetTarget void (handle, handle)
ai_SetTargetExclusionLogicBranch void (handle, string)
ai_SetTargetable void (handle, bool)
ai_SetTargetingWeights void (handle, string)
ai_SetTask void (handle, string, table)
ai_SetTemporaryTarget void (handle, handle)
ai_SetTimeAvoidFriendlyFireDamage void (float)
ai_SetTimeBetweenStrikeTeamCalls void (float)
ai_SetTimeSliceCharacters void (bool)
ai_SetTimeslicePeriod void (handle, int)
ai_SetTokenWeights void (handle, string)
ai_SetUnDowngradable bool (handle, bool)
ai_SetUnderground void (handle, bool, bool)
ai_SetUseLOSCheckOnNPCTargets void (handle, bool)
ai_SetVehicleIgnoreSpawnBarrier void (handle, bool)
ai_SetWebReceiverBehaviourCondition void (handle, string, string)
ai_SetWorldBoundaries void (string, string, string)
ai_ShowHistory void (handle)
ai_SpawnAndAttachGameObjectToProp_CPP handle (string, string, handle, string, vector, vector, string, string)
ai_SpawnAtLocator_CPP handle (string, string, handle, string)
ai_SpawnPedsAtAllSmartNodes void (handle)
ai_Stop void (handle)
ai_StopDrawingAI void (bool, bool)
ai_StopUsingSmartNode void (handle)
ai_TaintedBloodToxCloud void (vector, float)
ai_TestStrikeTeamSpawn bool (handle)
ai_TryCallingStrikeTeam void (handle)
ai_UndoDeleteWhenOffCamera void (handle)
ai_UseHunterShortRange void (handle, bool)
ai_UsePhysicsForAttachments void (bool)
ai_UseSmartNode void (handle, handle, string)
ai_VehiclePowerOn void (handle, bool, float)
ai_cbm_Enable void (bool)
ai_cbm_SetHeuristic void (int, int)
ai_cbm_SetMax void (int, int)
ai_cbm_SetTimeout void (int, float)
ai_patrol_AddGameObjectToTemplate void (int, string, float)
ai_patrol_AddSpawnDelay void (float)
ai_patrol_AgentKilled void (handle)
ai_patrol_ClearTemplates void ()
ai_patrol_CreateTemplate int (int, float)
ai_patrol_DestroyTemplate void (int)
ai_patrol_DisableAndDestroy void ()
ai_patrol_Enable void (bool)
ai_patrol_GetNumPatrols int ()
ai_patrol_IsEnabled bool ()
ai_patrol_RequestPatrol void (int)
ai_patrol_SetDefeatDelay void (float)
ai_patrol_SetForcedSpawnWait void (float)
ai_patrol_SetGroundHeight void (float)
ai_patrol_SetMaxFlyingPatrolDistance void (float)
ai_patrol_SetMaxFlyingPatrols void (int)
ai_patrol_SetMaxGroundHeight void (float)
ai_patrol_SetMaxGroundPatrolDistance void (float)
ai_patrol_SetMaxGroundPatrols void (int)
ai_patrol_SetMaxMiddleHeight void (float)
ai_patrol_SetMaxPatrols void (int)
ai_patrol_SetMinInterPatrolDistance void (float)
ai_patrol_SetMinMiddleHeight void (float)
ai_patrol_SetMinPatrolDistance void (float)
ai_patrol_SetMinTopHeight void (float)
ai_patrol_SetSpawnDelay void (float)
ai_patrol_SetSpawnRetryWait void (float)
ai_patrol_SpawnPlayerBias void (float)
ai_striketeam_AddGameObjectToTemplate void (int, string)
ai_striketeam_ClearTemplates void ()
ai_striketeam_CreateTemplate int (float)
amb_AddPersistentPedPackage void (string, enum)
amb_AddPersistentVehiclePackage void (string, enum)
amb_Clear void ()
amb_EnableImplicitLOD void (bool)
amb_EnableManager void (bool)
amb_EnableStreaming void (bool)
amb_GetParkedCarHandle handle (string)
amb_GetPedestrianTypeName string (handle)
amb_IgnoreCameraCuts void ()
amb_IgnorePlayerForSpawning void (bool)
amb_IsEnabledManager bool ()
amb_LoadingCinematic void ()
amb_OnCameraSpawnFinished bool ()
amb_Pause void (bool)
amb_PopulationVolumeSetActive void (string, bool)
amb_PopulationVolumeSetPopulation void (string, int)
amb_PurgePackages void ()
amb_ReducePopulations void (float, float, float)
amb_RemovePersistentPedPackage void (string)
amb_RemovePersistentVehiclePackage void (string)
amb_Reset void ()
amb_ResetAreaDensities void ()
amb_ResetPopulationVolumes void ()
amb_ResetPopulations void ()
amb_SendAlert void (vector, handle, handle, float, float, enum)
amb_SetActivePedestrianPackage void (string)
amb_SetActiveVehiclePackage void (string)
amb_SetCinematicPedPackagePercentage void (enum, float)
amb_SetExclusionVolumeActive void (string, string, bool)
amb_SetFarSpawnDist void (float)
amb_SetIgnoreDeadSphereLocaters void (bool)
amb_SetInMissionBriefing void (bool)
amb_SetMaxCharacters void (int)
amb_SetMaxMovingVehicles void (int)
amb_SetMaxPedestrians void (int)
amb_SetMinPedestrians void (int)
amb_SetNearSpawnDist void (float)
amb_SetNumPackageSlots void (int, int, int)
amb_SetPedestrianLevels void (string, float, float)
amb_SetPedsGlobalDensityScale void (float)
amb_SetPedsToBroadcastDamage void (bool)
amb_SetSpawnAreaSize void (float)
amb_SetVehiclesGlobalDensityScale void (float)
amb_ShiftLOD bool (bool, handle)
amb_SpawnOnCamera void ()
anim_LogAnimationCounts bool ()
camera_ResetToDefaultCameraSettings void ()
camera_SetCameraSettings void (string)
cheats_GetIsSafeToActivateWeaponCheat bool ()
cheats_HasCheatActivatedDuringGameSession bool ()
cheats_OnGameStarting void ()
cheats_SetCheatActive void (enum, bool)
cheats_TurnOffActiveCheats void ()
city_AddCellProgressionChaos void (string)
city_AddCellProgressionSaved void (string)
city_ClearCellProgression void ()
city_EnableRandomInfection void (bool)
city_SetDistrictPedDensity void (string, float, float)
cm_CameraShake void (float, float, float, vector, vector, bool)
cm_CameraShakeRequest bool (vector, enum, enum, bool)
cm_CancelFramerCamSequence void (int)
cm_CheckLineOfSight enum (vector, vector)
cm_ClearCameraShake void (float)
cm_EnableCameraShake void (bool)
cm_EnableDebugCamera void (bool)
cm_EnableDramaticCamera void (bool)
cm_EnableOverrideDOF void (bool, float, float, float, float, vector)
cm_EndDramaticCamera void (float)
cm_EndScriptedCamera void (float)
cm_GetCameraAvatarOffset vector (enum)
cm_GetCameraBaseDist float (enum)
cm_GetCameraMaxHeight float ()
cm_GetCameraMinHeight float ()
cm_GetCurrentCameraPosition vector ()
cm_GetCurrentInGameCameraLookVector vector ()
cm_GetCurrentInGameCameraPosition vector ()
cm_GetCurrentRenderCameraPosition vector ()
cm_GetFreeScriptedCamera int ()
cm_GetGameCamera enum ()
cm_GetScriptedCameraUseForSpawning bool ()
cm_IsAnyFramerCamSequenceRunning bool ()
cm_IsBridgeCameraActive bool ()
cm_IsCameraCut bool ()
cm_IsCameraShakeEnabled bool ()
cm_IsDramaticCameraActive bool ()
cm_IsFramerCamActive bool ()
cm_IsFramerCamSequenceRunning bool (int)
cm_IsFramerCamSequenceViewActive bool (int, string)
cm_IsGameCameraActive bool ()
cm_IsPointInCameraView bool (vector)
cm_IsScriptedCameraActive bool ()
cm_IsSphereInCameraView bool (vector, float)
cm_PromptFramerCam bool (int, string)
cm_Reset void ()
cm_ResetChaseCamBehind void (float)
cm_ResetChaseCamFacing void (vector, float)
cm_ResetChaseCamFacing3D void (vector, float)
cm_ResetChaseCamLooking void (vector, float)
cm_ResetFramerCam void ()
cm_ResetFramerCamWithOnEndSuppress void ()
cm_ResetVehicleCamBehind void (float)
cm_SetCameraAvatar void (enum, handle)
cm_SetCameraAvatarByDirector void (handle, int)
cm_SetCameraAvatarByName void (enum, string)
cm_SetCameraAvatarOffset void (enum, vector)
cm_SetCameraBaseDist void (enum, float)
cm_SetCameraMaxHeight void (float)
cm_SetCameraMinHeight void (float)
cm_SetDebugCameraDOF void (float, float, float, float)
cm_SetGameCamera void (enum, float)
cm_SmartTargetCamSetMinDistance float (float)
cm_StartScriptedCamera bool (int, float)
db_GetFloat float (string, int, int)
db_GetInt int (string, int, int)
db_GetIntAsString string (string, int, int)
db_GetString string (string, int, int)
db_IsSettable bool (string, int)
db_IsStorageOperationInProgress bool ()
db_ResetGameSubjects void (int)
db_ResetProfileSubjects void (int)
db_ResetSubject void (string, int)
db_SetFloat void (string, int, float, int)
db_SetInt void (string, int, int, int)
db_SetIntFromString void (string, int, string, int)
db_SetString void (string, int, string, int)
dbg_IsVariableDefined bool (string)
dbg_RestartMusicAfterDeath void ()
dbg_SaveCurrentMissionMusic void ()
debug_GetDebugReportingLevel int ()
debug_HackObjectScale void (handle, float)
debug_SetDebugReportingLevel void (int)
debugdraw_EnableByIndex void (int, bool)
debugdraw_ToggleDebugByName void (string)
difficulty_DecreaseDifficulty void ()
difficulty_GetPercentage float ()
difficulty_IncreaseDifficulty void ()
difficulty_SetDifficultyToEventMode void (bool)
disguise_HasValidMilitaryDisguiseAvailable bool (handle)
disguise_IsBlown bool (handle)
disguise_IsInAlert bool (handle)
disguise_IsInRed bool (handle)
disguise_IsWearingValidMilitaryDisguise bool (handle)
disguise_ProtectAlertAgainstNoTarget void (handle, bool)
disguise_SetAlert void (handle)
disguise_SetAlertTreeState void (handle, string)
disguise_SetBroadcastReacitonChanges void (handle, bool)
disguise_SetNotSeenDelayHideFromAlert void (handle, float)
dlc_AttemptShowNewDLCPopups bool ()
dlc_AwardAvatarItem void (enum, int)
dlc_AwardTheme void (enum, bool, int)
dlc_CancelThemeAward void ()
dlc_ClearNewDLCAlert void (enum)
dlc_DetectManifestErrors void ()
dlc_DumpPackageIds void ()
dlc_GetAwardAvatarComplete bool ()
dlc_GetAwardAvatarResult bool ()
dlc_GetAwardThemeComplete bool ()
dlc_GetAwardThemeSuccessfulInstall bool ()
dlc_GetConsumablesAssociatedDLCUnlockable int (int)
dlc_GetIsDetectingManifestErrors bool ()
dlc_GetIsEnabled bool ()
dlc_GetIsNewDLCAlertSet bool (enum)
dlc_GetIsOnlineContentRestricted bool ()
dlc_GetIsPackageDownloaded bool (string)
dlc_GetMessageLanguage string ()
dlc_GetSkinId enum ()
dlc_GetThemeInstallPercentage float ()
dlc_HackFakeDownloadAccessPackage void (string, bool)
dlc_IsApplyingSkin bool ()
dlc_IsContentManagerRefreshedOnce bool ()
dlc_IsContentManagerRefreshing bool ()
dlc_IsRadnetPackageDownloaded bool ()
dlc_SetNewDLCAlert void (enum)
dlc_SetNewSkin enum (enum)
dlc_SetTitleStorageRefreshDuration float (float)
dlc_ShowMarketplace bool (string, int)
dover_Toggle void (string)
em_AddWorldEffect int (string, vector, float)
em_AddWorldEffectOriented int (string, vector, vector, float)
em_SetPositionWorldEffect bool (int, vector)
faction_SetNPCSideStatus void (handle, string, int)
faction_SetNPCStatus void (handle, handle, int)
faction_SetStatus void (string, string, int)
fe_3DMarkerInitialize void ()
fe_ASInitCompleted void ()
fe_ActivateButtonHintChoice void (string, string, string, string)
fe_ActivateButtonHintCombo void (int, int, string, int, int, string)
fe_ActivatePassiveLoading void ()
fe_AddAirBridgeData void (table)
fe_AddMarkerProfileGOH bool (handle, table)
fe_AddMarkersToPauseMap void (string, int)
fe_AddObjectives void (string, string)
fe_AddObjectivesCount void (string, string, int)
fe_AddOpenWorldMissionData void (enum, float, float, float)
fe_AddRefResource void (string)
fe_AddWayPointData void (table)
fe_AdvanceFrontendStateFrom void (int)
fe_AnimateEquippedPower void (int)
fe_ApplyControllerSettingsFromGDB void ()
fe_ButtonHintChoiceAnimateButton void (enum)
fe_CallASFunctOnHud void (string, string)
fe_CementFileDefinitionExists bool ()
fe_ClearObjectives void ()
fe_CloseBonusObjective int (int)
fe_CloseCheckpoint int (int)
fe_CloseCinematicsCallout int (int)
fe_CloseCredits void ()
fe_CloseDLCCriticalMsg int (int)
fe_CloseDLCEventMedal int (enum, int)
fe_CloseDLCFriendPass int (int)
fe_CloseDLCPassive int (int)
fe_CloseDLCScore int (int)
fe_CloseHint int (int)
fe_CloseLocationCallout int (int)
fe_CloseMission int (int)
fe_CloseObjective int (int)
fe_ClosePassive int (int)
fe_CompareDates int (int, int, int, int, int, int)
fe_CompareToCurrentUTCDate int (int, int, int)
fe_CompareToNetworkUTCDate int (int, int, int)
fe_CreateQuickPauseMenu void (table, string)
fe_DeactivateButtonHintChoice void ()
fe_DeactivateButtonHintCombo void ()
fe_DeactivatePassiveLoading void ()
fe_DebugAwardEPLevels void ()
fe_DebugGetAwardEPLevels int ()
fe_DebugSetAwardEPLevels void (int)
fe_Dialogue void (string, string)
fe_DumpLeaderboard void (string)
fe_EnableCatchupBehaviour bool (bool)
fe_EnableEquippedPowersIcons void (bool, bool)
fe_EnableHandleWorldMapInput void (bool)
fe_EnableLoginTransistions void ()
fe_EnableMapMode void (enum)
fe_EnableOnInput void (bool)
fe_EnableSubtitles void (bool)
fe_EnableUserPausing void (bool)
fe_ExitGame void ()
fe_FadeFromBlack void ()
fe_FadeToBlack void ()
fe_ForceDisguiseHUDActive void (bool)
fe_ForceShowPopups void ()
fe_GFxForceCleanMeshCache void ()
fe_GFxForceClearFontCache void ()
fe_GFxForceGarbageCollection void ()
fe_GenerateLeaderboard void (string)
fe_GenerateLeaderboardFromIndices void (int, int)
fe_GetAllowRadnetPurchase bool ()
fe_GetBuildType string ()
fe_GetButtonNameMappedTo string (int, enum)
fe_GetCanGenerateLeaderboards bool ()
fe_GetCanUseFriendData bool ()
fe_GetControllerMapTypeFromSlot int (int)
fe_GetControllerName string (int)
fe_GetControllerNameFromSlot string (int)
fe_GetCreditLine string (int)
fe_GetCurrentBarPercentage float ()
fe_GetCurrentLocalDateFormat string ()
fe_GetCurrentLocalDay int ()
fe_GetCurrentLocalYear int ()
fe_GetCurrentMiniMapName string ()
fe_GetCurrentNetworkDateFormat string ()
fe_GetCurrentNetworkDay int ()
fe_GetCurrentNetworkYear int ()
fe_GetDateFormat string (int)
fe_GetEnabledHudElements int ()
fe_GetEngineOption bool (string)
fe_GetEnumValue int (string, string)
fe_GetFeUserPauseFilter int ()
fe_GetGenericCurrentBarType int ()
fe_GetGenericCurrentIcon int ()
fe_GetHideHudElementRefCount int (int)
fe_GetHudLoaded bool ()
fe_GetIncludeDateInMsg bool ()
fe_GetInstallMemoryRequirements int ()
fe_GetInstallResult int ()
fe_GetInstallState int ()
fe_GetIsComicConDemo bool ()
fe_GetIsDateOverride bool ()
fe_GetIsFEAutoTestActive bool ()
fe_GetIsFlashHUDLoaded bool ()
fe_GetIsHudPowersShowing bool ()
fe_GetIsUpgradesStoreAvailable bool ()
fe_GetIsUsingFriendData bool ()
fe_GetIsValueSet bool (int)
fe_GetLastMissionObjectiveStringID string ()
fe_GetLeaderboardActiveUserRank int ()
fe_GetLeaderboardCount int ()
fe_GetLeaderboardUserName string (int)
fe_GetLeaderboardUserScore int (int)
fe_GetLevelStartUnlockableId enum (enum)
fe_GetLocalizedString string (string)
fe_GetLocationName string (string)
fe_GetMarkerDir float (int)
fe_GetMarkerGOH handle (int)
fe_GetMarkerGOHByWord int (int, bool)
fe_GetMarkerIconType enum (int)
fe_GetMaxMarkerIndex int ()
fe_GetMissionName string (int)
fe_GetMutationAwarded int ()
fe_GetNetworkUTCDayDifference int (int, int, int)
fe_GetNumController int (bool)
fe_GetNumMissions int ()
fe_GetPlatformType string ()
fe_GetSupportedControllerType int (int)
fe_GetTextBibleDebugCheck int ()
fe_GetUTCDayDifference int (int, int, int)
fe_GetUnlockableLevel int (enum)
fe_GetUnlockableMaxLevel int (enum)
fe_GetUseDebugMessageTable bool ()
fe_GotoInitialInteractiveScreen void ()
fe_HideBlackboxMeter void ()
fe_HideEquippedPowers void ()
fe_HideFmvTitle void ()
fe_HideHUDElements void (int)
fe_IncreaseObjectivesCount void (string)
fe_InitiateInstall void ()
fe_IsBlackFadeIntroComplete bool ()
fe_IsBlackFadeOutroComplete bool ()
fe_IsButtonHintChoiceActive bool ()
fe_IsButtonHintComboActive bool ()
fe_IsEnabledSubtitles bool ()
fe_IsFreeMarkerAvailable bool (table)
fe_IsGameReadyToStart bool ()
fe_IsGamepadAvailable bool (int)
fe_IsHudInitialized bool ()
fe_IsInDebugCamera bool ()
fe_IsKeyboardAndMouse bool ()
fe_IsNewGameFlow bool ()
fe_IsPopupOpen bool (int)
fe_IsPrevGameState int ()
fe_IsProfileLogout bool ()
fe_IsTypeWriterTypingCompleted bool (int)
fe_IsUnlockableInCategory bool (enum, enum)
fe_IsUnskippableLoadingActive bool ()
fe_IsUserPausingEnabled bool ()
fe_IsUsingGameEngine bool ()
fe_IsValidFriend bool (int)
fe_LoadCredits bool (bool)
fe_LoadOpenWorldTips void ()
fe_LoadResource bool (string)
fe_LoadSecondaryMovie void (string)
fe_LockController void (int)
fe_LockPauseMapByFlashPosition void (float, float, float)
fe_LockPauseMapByWorldPosition void (float, int, float, float, float)
fe_LockPlayerMapPosition void (bool, vector)
fe_LockPlayerMapZone void (bool, enum)
fe_LogUserUpgradeChoice void (string)
fe_MissionFail void (string)
fe_MissionSuccess void (string)
fe_ModifyKeyboardMapping void ()
fe_OnBonusObjectiveClose int (int)
fe_OnCheckpointClose int (int)
fe_OnDLCCriticalMsgClose int (int)
fe_OnDLCEventMedalClose int (enum, int)
fe_OnDLCFriendPassClose int (int)
fe_OnDLCPassiveClose int (int)
fe_OnDLCScoreClose int (int)
fe_OnHintClose int (int)
fe_OnLocationCalloutClose int (int)
fe_OnMissionClose int (int)
fe_OnObjectiveClose int (int)
fe_OnPassiveClose int (int)
fe_PauseGame void ()
fe_PlayEndCredits void ()
fe_PlayFMVInFE void (string, bool, bool, string)
fe_PlayFMVInFEForceSubtitlesIfNotEnglish void (string, bool, bool, bool, string)
fe_PostFreeRoam void ()
fe_PrepareGame void (string, int, string)
fe_PromptDialogue void (string, string, string, string, string, string)
fe_PutUpWhiteScreen void (string)
fe_QuitGame void ()
fe_QuitToStartScreen void ()
fe_ReIntroMarker bool (handle)
fe_ReIntroMarkers void (enum, enum)
fe_RegisterEvent void (string, string)
fe_RegisterMarkerTextures2D void (table)
fe_ReleaseResource void (string)
fe_RemoveMarkerProfileGOH bool (handle, enum, enum)
fe_RemoveObjectives void (string)
fe_RequestInGameMainMenu void ()
fe_RequestInGameMainMenuDeactivation void ()
fe_ResetCurrentEP void ()
fe_ResetHUD void ()
fe_RestoreActiveSubtitle void ()
fe_RestoreDefaultGDBControlMapping void ()
fe_RestoreGameDBDefault void (string, int)
fe_RestoreSingleDefaultGDBControlMapping void (string)
fe_SaveActiveSubtitle void ()
fe_Set3DMarkerResourceInfo void (enum, int, string)
fe_SetActiveDisguiseIconVisibility void (bool)
fe_SetButtonHintChoiceIntentions void (int, int, int, int)
fe_SetCurrentMode void (string)
fe_SetCurrentObjectives void (string)
fe_SetCurrentScreenId void (string)
fe_SetDeadZone float (float)
fe_SetEPGainRates void (float, float, float, float, float)
fe_SetEPIdleDelay void (float, float)
fe_SetEPTresholds void (int, int, int, int, int, int)
fe_SetFeUserPauseFilter void (bool, int)
fe_SetFilesInstalled void ()
fe_SetFlashScreen void (string)
fe_SetGenericCurrentBarType void (int)
fe_SetGenericCurrentIcon void (int)
fe_SetHealthBarFlash void (bool)
fe_SetHideHudElementRefCount void (int, int)
fe_SetHintMinDelay void (float)
fe_SetHudPowersQuickMode void (bool)
fe_SetInactiveDisguiseIconVisibility void (bool)
fe_SetInputFocus void (string)
fe_SetLowHealthEffectActive void (bool)
fe_SetLowHealthParameters void (float)
fe_SetLowHealthTimeSettings void (float, float)
fe_SetMarkerProfileGOH bool (handle, table)
fe_SetMarkerVisibilityRadius void (float)
fe_SetMouseVisibility void (bool, bool)
fe_SetObjectivesIconType void (string, enum)
fe_SetPauseForPopup void (bool)
fe_SetRenderHudOcclusion void (bool, bool, float, float, float, float)
fe_SetScreenResultScenarioEvent void (string)
fe_SetTextBibleDebugCheck void (int)
fe_SetTimeBubbleDuration void (float)
fe_SetUpdateEnable bool (bool)
fe_SetupEquippedPowersIcons void (enum, enum, bool)
fe_ShowBlackboxMeter void ()
fe_ShowBonusObjective int (table)
fe_ShowCheckpoint int (table)
fe_ShowCinematicsCallout int (table)
fe_ShowDLCCriticalMsg int (table)
fe_ShowDLCEventMedal int (table)
fe_ShowDLCPassive int (table)
fe_ShowDLCScore int (table)
fe_ShowDebugMenu void ()
fe_ShowEquippedPowers void ()
fe_ShowFmvTitle void (string)
fe_ShowGoldLoadingScreen void (int)
fe_ShowHUD void (bool)
fe_ShowHUDElements void (int)
fe_ShowHint int (table)
fe_ShowImmediateGoldLoadingScreen void (int)
fe_ShowLetterBox bool (bool)
fe_ShowLocationCallout int (table)
fe_ShowMission int (table)
fe_ShowObjective int (table)
fe_ShowPS3SystemDialog void (string)
fe_ShowPassive int (table)
fe_StartTypeWriter int (string, string, float, float, float, float, int, string)
fe_StopTypeWriter void (int, bool)
fe_SupportsVibration bool ()
fe_SwitchPauseMenus void ()
fe_TestStreamBusy void (bool)
fe_ToggleHideHUDOption void ()
fe_TurnInteriorMinimapOn void (bool, string)
fe_UnloadSecondaryMovie void ()
fe_UnlockAllControllers void ()
fe_UnlockPauseMap void ()
fe_UnpauseGame void ()
fe_UnregisterEvent void (string, string)
fe_UpdateBlackboxMeter void (float, float)
fe_UpdateObjectivesCount void (string, int)
fe_UpdateObjectivesStatus void (string, enum)
fe_UpdateProgressBar int ()
fe_UpdateRichPresence void (int)
fe_ViewFriendInfo bool (int)
fe_blackFadeSetInputEnabled void (bool)
fe_getBlackFadeActive bool ()
fe_getIsLoadingSceenActive bool ()
fe_getPowersProgress float (enum)
fe_gotoPauseScreen void (string)
fe_loadingReadyToFadeUp void ()
fe_setIsLoadingSceenActive bool (bool)
fe_tutorial_IsShown bool (int)
fe_tutorial_SetIsShown void (int)
feeventpopup_IsPreEvent bool ()
fehud_GetMaxMarkerCount int ()
fehudcounter_Hide void ()
fehudcounter_Set void (string, string)
fehudcounter_Show void ()
fehuddlc_ForceCloseCriticalMessage void (bool)
fehuddlc_GetCurrentRank int ()
fehuddlc_GetIsValueSet bool (int)
fehuddlc_GetLeaderboardActiveUserRank int ()
fehuddlc_GetLeaderboardCount int ()
fehuddlc_GetLeaderboardUserName string (int)
fehuddlc_GetLeaderboardUserScore int (int)
fehuddlc_GetRankDifference int ()
fehuddlc_GetSavedRank int ()
fehuddlc_GetScoreDifference int ()
fehuddlc_Hide void ()
fehuddlc_IsValidFriend bool (int)
fehuddlc_ResetFloatingText void ()
fehuddlc_ResetLeaderboard void ()
fehuddlc_SaveLeaderboard bool (string, enum)
fehuddlc_SetLargeScore void (bool)
fehuddlc_SetMedalStanding void (enum, string)
fehuddlc_SetScore void (string, int)
fehuddlc_Show void ()
fehuddlc_ShowFloatingText bool (handle, string, vector, float, bool)
fehuddlc_ShowFloatingTextColor bool (handle, string, vector, float, bool, int)
fehuddlc_ViewFriendInfo bool (int)
fehudleaderboard_GetAlertEnabled bool ()
fehudleaderboard_OnEventSetComplete bool (string, int)
fehudleaderboard_SetAlertEnabled void (bool)
fehudmeter_Hide void ()
fehudmeter_SetDrainEnabled void (bool)
fehudmeter_Show void (enum, string, string, float, enum)
fehudmeter_UpdateBarColor void (enum, enum)
fehudmeter_UpdateIcon void (enum, enum)
fehudmeter_UpdatePercentage void (float)
fehudmeter_UpdateText void (enum, string)
fehudnisoverlay_Activate void ()
fehudnisoverlay_Deactivate void ()
fehudnisoverlay_Preload void (string)
fehudstatusalert_AddToQueue int (table)
fehudstatusalert_FlushQueue void ()
fehudstatusalert_IsShowing bool (int)
fehudstatusalert_RemoveFromQueue void (int)
fehudtimer_ClearText void ()
fehudtimer_SetText void (string, string)
fehudwarmeter_Hide void ()
fehudwarmeter_UpdateBarColor void (enum, enum)
fehudwarmeter_UpdateIcon void (enum, enum)
fehudwarmeter_UpdateText void (enum, string)
femissionpopup_GetSelectedButton int ()
femissionpopup_SetSelectedButton void (int)
femissionpopup_Show void (bool)
fight_ResolveBranchRefs void ()
fmv_GetCurrentFrameNumber int ()
fmv_GetIsDeactivating bool ()
fmv_GetIsSafeToPlay bool ()
fmv_GetIsSafeToStop bool ()
fmv_IsLoaded bool ()
fmv_IsPlaying bool ()
fmv_Pause bool (bool)
fmv_Resume bool ()
fmv_Stop bool (string)
fmv_StopCurrent bool ()
form_SetAttackRadius void (handle, float)
form_SetBreakDistance void (handle, float)
form_SetCurveRadius void (handle, float)
form_SetEnableBrake void (handle, bool)
form_SetMinInPlaceMembers void (handle, int)
form_SetStopDuringCombat void (handle, bool)
form_SetTeleportFrozen void (handle, bool)
fsm_AddLoadRefOnPackage bool (handle, string)
fsm_DebugGetCurrentStateBranch string (handle)
fsm_DumpInfo void (handle)
fsm_Get handle (int)
fsm_GetCurrentStateUID string (handle)
fsm_GetInfo string (handle)
fsm_GetLoadRefPackage string (handle)
fsm_GetNumActive int ()
fsm_GetParent handle (handle)
fsm_MatchCurrentState bool (handle, string)
fsm_MatchLastTransition bool (handle, string)
fsm_MessageChannel bool (handle, string)
fsm_MessageSupress bool (handle, bool)
fsm_Retry bool (handle)
fsm_SaveRetryState bool (handle)
fsm_SetRetryState bool (handle, string)
fsm_Stop void (handle)
gameflow_DebugTimeDilation void (float)
gameflow_EnableHardPause void (bool)
gameflow_IsPaused bool ()
gameflow_Pause void ()
gameflow_SingleStep void ()
gameflow_TickRate void (float)
gameflow_Unpause void ()
gamelink_ObjectLog void (handle, string)
go_AddConsumedRole void (handle, string)
go_AddTag void (handle, string)
go_AlwaysShowButtonHints void (bool)
go_ApplyDamage void (handle, float)
go_ApplyDamageAndHit void ()
go_ApplyZoneShaderDamage void (handle, int, int, bool)
go_AttachObjectKeyframed void (handle, string, handle)
go_AttachObjectToGrabSlot void (handle, string, string, handle, float)
go_AttachObjectToGrabSlotWithOffsets void (handle, string, string, vector, vector, handle, float)
go_BeginShoot void (handle, handle)
go_BroadcastControllerStateChanges void (handle, bool)
go_BroadcastSupportingSurfaceChanges void (handle, bool)
go_ClearButtonHintInfo void (string)
go_ClearCharacterIntention void (handle)
go_ClearCharge void (handle)
go_ClearConsumedRoles void (handle)
go_ClearMotionTree void (handle)
go_Consume void (handle, handle, bool)
go_CreateMissionVolume handle (string, string, vector, vector)
go_CreateObjectDebug handle (string, string, vector, vector)
go_DamageAndHitEverything void (float, float)
go_DeferredCreateDrawableDebug void (handle)
go_DeleteAttr void (handle, string)
go_DisableTimeSlicing int (handle)
go_DumpTagList void (string)
go_EnableBloodLayerShader void (handle, bool, bool, bool, bool)
go_EnableHangtimeStat void (handle, bool)
go_EnableTransformationForSlot bool (handle, enum, bool)
go_EndShoot void (handle)
go_ForceEBrake void (handle, bool)
go_ForceHeliToHover void (handle, bool)
go_GetAttachedTo handle (handle)
go_GetAttrTypeDebug string (handle, string)
go_GetAutoTarget handle (handle)
go_GetCenterOfMass vector (handle, int)
go_GetCharacterMotionState int (handle)
go_GetCharacterMotionStateName string (handle)
go_GetCurrentDisguiseNameUID string (handle)
go_GetCurrentTransformation enum (handle, enum)
go_GetDamageOriginator handle (handle)
go_GetDamageScale float (handle)
go_GetDistance float (handle, handle)
go_GetFaction string (handle)
go_GetFloatAttr float (handle, string)
go_GetGrabSlot handle (handle, string)
go_GetGrabbableClass string (handle)
go_GetGrabbedObject handle (handle, string)
go_GetHealth float (handle)
go_GetHelicopterThrottleOnTrigger bool ()
go_GetIntAttr int (handle, string)
go_GetIsDisguiseActive bool ()
go_GetIsSupportingLimbOnHorizontalSurface bool (handle)
go_GetJointPosition vector (handle, string)
go_GetLocalPlayer handle ()
go_GetMass float (handle)
go_GetMassMeter int (handle)
go_GetMaxHealth float (handle)
go_GetMaxMassMeter int (handle)
go_GetMinHealth float (handle)
go_GetName string (handle)
go_GetOrientation vector (handle)
go_GetParkedCarFromSpawner handle (handle)
go_GetPosition vector (handle)
go_GetRelativeJointPosition vector (handle, string, vector)
go_GetRight vector (handle)
go_GetSafePositionAboveGround vector (vector)
go_GetState string (handle)
go_GetStoredDisguiseFaction string (handle)
go_GetTickCount int ()
go_GetUIDAttr string (handle, string)
go_GetVectorAttr vector (handle, string)
go_GetVelocity vector (handle)
go_GrabbedDetach void (handle)
go_HasAttr bool (handle, string)
go_HasConsumedRole bool (handle, string)
go_HasTag bool (handle, string)
go_IsAmbientVehicle bool (handle)
go_IsDead bool (handle)
go_IsFaction bool (handle, string)
go_IsFactionInfected bool (handle)
go_IsFactionMilitary bool (handle)
go_IsGrabbed bool (handle)
go_IsHelicopter bool (handle)
go_IsHolding bool (handle, handle, string)
go_IsInCell bool (handle, string)
go_IsInJumpInBoundary bool (handle)
go_IsInVehicle bool (handle)
go_IsInfectedPack bool (handle)
go_IsPlayingBranchByPath bool (handle, string, bool)
go_IsSummoned bool (handle)
go_IsSupported bool (handle)
go_IsValidKillObjectForStat bool (handle)
go_KillCharacter void (handle)
go_LoadDisguiseTransformationFromDBVars void (handle)
go_LoadTransformationDescription void (handle, enum)
go_Local2World vector (handle, vector)
go_LockCharacterIntention void (handle, bool)
go_MatchTransformationDescriptionName bool (handle, enum, bool)
go_MatchUIDAttr bool (handle, string, string)
go_ModifyCollectibleInfo void (handle, int, string, float)
go_NoticeViolentKill void (handle)
go_PadRumble void (handle, bool, float, float, float, float, float, float)
go_PlayMotionBranchByPath void (handle, string, int, bool)
go_PlayerTeleport void (handle, vector, vector)
go_PrintDebugName void (string, handle)
go_PrintFaction void (handle, string)
go_PrintFightDiagnostics void (handle)
go_PrintListOfTags void (handle)
go_PutDescriptionInDisguiseSlot bool (handle, string)
go_RemoveTag void (handle, string)
go_Reset void (handle)
go_ResetPose void (handle)
go_Rotate void (handle, float, float, float)
go_SetActive void (handle, bool)
go_SetAmmoProfile void (handle, string, string)
go_SetBroadcastDamage void (handle, bool)
go_SetBroadcastGrabMessages void (handle, bool)
go_SetBroadcastMotionState void (handle, bool)
go_SetBroadcastStateChanges void (handle, bool)
go_SetBroadcastTargetChanged void (handle, bool)
go_SetCameraFade void (handle, float)
go_SetCharacterSolverSetSweepAndClipMotionType void (handle, int)
go_SetCloudFade void (handle, float)
go_SetCollectibleState void (handle, bool)
go_SetDamageScale void (handle, float)
go_SetDamageScaleByAttackType void (handle, int, float)
go_SetDamageable void (handle, bool)
go_SetDefaultTransformationDescription bool (handle, string)
go_SetDefaultTransformationDescriptionOverride void (string)
go_SetDefaultTransformationDescription_Async bool (string)
go_SetDefaultTransformationDescription_Check bool ()
go_SetDesiredTransformation bool (handle, enum, enum, bool)
go_SetDesiredTransformationStealthy bool (handle, enum, enum, bool)
go_SetDisguiseUninterruptible void (handle, bool)
go_SetDrawable void (handle, string)
go_SetFaction void (handle, string)
go_SetFactionFromTransform void (handle)
go_SetFirstAnimFrame void (handle)
go_SetFloatAttr void (handle, string, float)
go_SetGORotation void (handle, float, float, float)
go_SetGlobalInfiniteClip bool (bool)
go_SetGrabbingAllowed void (handle, bool)
go_SetHealth void (handle, float)
go_SetHitable void (handle, bool, string, int)
go_SetInfiniteClip bool (handle, bool)
go_SetIntAttr void (handle, string, int)
go_SetLastAnimFrame void (handle)
go_SetLockOnTargetSlowMotionEnabled bool (handle, bool)
go_SetLockedOnTarget void (handle)
go_SetMass bool (handle, int, float)
go_SetMassMeter void (handle, int)
go_SetMassMeterActionDuration void (handle, int, float)
go_SetMassMeterInfinite void (handle, bool)
go_SetMaxHealth void (handle, float)
go_SetMinHealth void (handle, float)
go_SetMinHealthOverride void (handle, float, float, bool)
go_SetMinHealthOverrideAttackType void (handle, int, bool)
go_SetMovementCollisionProperties void (handle, string)
go_SetNoPushback void (handle, bool)
go_SetPlayerHiddenByTank void (bool)
go_SetProportionalDamageScale void (handle, bool)
go_SetRubberBandingParams void (handle, handle, bool, float, float, float, float)
go_SetScale void (handle, vector)
go_SetTargetClass void (handle, int)
go_SetTargetHealthBarVisible void (handle, bool)
go_SetTargetLockedControlledExternally void (bool)
go_SetTargetPointEnabled void (handle, int, bool)
go_SetTimeScale void (handle, float)
go_SetUIDAttr void (handle, string, string)
go_SetUninterruptible void (handle, bool)
go_SetVectorAttr void (handle, string, vector)
go_SetVisibility void (handle, bool, bool)
go_SetWeaponUserProfile void (handle, string)
go_SetXYPowerConfiguration bool (handle, bool, enum, bool, enum)
go_SharePose void (handle, handle)
go_Shoot void (handle, handle)
go_ShootAtTargetPoint void (handle, handle, vector)
go_ShowObject void (handle, bool, bool)
go_SlowMotion float (float)
go_SpawnDeadGameObject handle (string, string, vector, vector, bool)
go_SpawnRackWeapon handle (string, string, vector, float, float, float, float, string)
go_SpawnVehicle void (string, vector)
go_StartShootAtTargetPoint void (handle, handle, vector)
go_StopAllFinishedAnimationDriversImmediate bool (handle)
go_Teleport void (handle, vector, vector)
go_TeleportComplete void (handle)
go_ToggleHelicopterThrottleOnTrigger void ()
go_TransformVector vector (handle, vector)
go_UnspawnRackWeapon void (handle)
go_VariableIntGet int (string, string)
go_VariableIntGetGOH int (handle, string)
go_VariableIntSet void (string, string, int)
go_VariableIntSetGOH void (handle, string, int)
go_VariableNameSet void (string, string, string)
go_VariableNameSetGOH void (handle, string, string)
go_VariableTimerGetGOH float (handle, string)
go_VariableTimerSetGOH void (handle, string, float, bool)
go_ViolenceAllowed bool (int)
go_World2Local vector (handle, vector)
group_Add void (handle, handle)
group_GetDirector handle (handle)
group_GetLeader handle (handle)
group_GetMembersCount int (handle)
group_Remove void (handle, handle)
group_setDistanceSearchWeight void (float)
group_setNumMemberSearchWeight void (float)
hack_SetMassGainMultiplier void (float)
input_ResetRumble void ()
input_SetRumble void (int, enum, float, float, float, float)
lifetime_Reset void ()
mm_ActivateMission void (string)
mm_AddMissionObjectTags void (handle, string, string)
mm_AssociateStateMachine void (string, handle)
mm_CancelUnlockKey void (string)
mm_ClearCollectibleRecord void (int, int)
mm_ClearCollectibleTempUnlocked void ()
mm_CompleteMission void (string, bool, float)
mm_ConfigureMission void (table)
mm_CountCollectibleTotalCollected int (int)
mm_DeactivateMission void (string, float)
mm_DebugResetMission void (string)
mm_DebugSetMissionStateDisplay void (string, string)
mm_DebugSetMissionUnlocked void (string, bool)
mm_DebugSetMissionsUnlocked void (bool)
mm_DestroyMissionVars void (table)
mm_GetActiveStreamSlotGroupCount int (bool)
mm_GetCollectibleStatus int (int, int)
mm_GetCurrentLocation string ()
mm_GetMissionCompletionCount int (string)
mm_HasUnlockKeyBeenReceived bool (string)
mm_IsCollectibleCollected bool (int, int)
mm_IsMissionUnlockedOrUnlockable bool (string)
mm_IsStreamSlotPurgeInProgress bool ()
mm_PostEvent void (table)
mm_PostUnlockKey bool (string)
mm_PurgeStreamSlotGroups void (bool)
mm_RegisterCollectibles void (table)
mm_RegisterMissions void (table)
mm_ResetGameDatabase void ()
mm_ResetMissionVars void (table)
mm_SetCollectibleCollected void (int, int)
mm_SetCollectibleDiscovered void (int, int)
mm_SetCollectibleTempUnlocked void (int, int)
mm_SetCollectibleUnlocked void (int, int)
mm_SetCurrentLocation void (string)
mm_SetLocationDependency void (string, bool)
mm_SetObjectAlpha void (handle, float)
mutation_GetFeScreenFocus int ()
mutation_GetFeScreenFocusNewlyAwarded bool ()
mutation_GetIsMutation bool (enum)
mutation_GetMutationTypeFeIdentifier string (enum)
mutation_GetValue float (enum, float)
mutation_SetFeScreenFocus void (enum, bool)
mutation_getAt enum (enum, int)
mutation_getCount int (enum)
mutation_getFeIdentifier string (enum)
mutation_getMutationTypeByUnlockableType enum (enum)
mutation_getMutationTypeOfUnLockable enum (enum)
mutation_getSlot int (enum, int)
mutation_getUnlockableListIndex int (enum)
mutation_getUnlockableType enum (enum)
mutation_setSlot void (enum, int)
mutation_type_tutorial_IsFirst bool (int)
mutation_type_tutorial_IsShown bool (int)
mutation_type_tutorial_SetIsShown void (int)
nis_AllSlotsUnloaded bool ()
nis_AreWorldCellsLoaded bool ()
nis_BreakWebConnectionFromObject bool (string)
nis_GetState enum (string)
nis_IsBusy bool ()
nis_IsNISGameStateActive bool ()
nis_Load bool (string)
nis_Play bool (string)
nis_SequenceFramerCam void (string)
nis_SetIsSkippable bool (string, bool)
nis_Stop bool (string)
nis_StopCurrent bool ()
nis_Unload bool (string)
nis_UnloadAll bool ()
nism_DesaturateFromWhite void (float)
nism_SaturateToWhite void (float)
ols_CanUseMarkteplace bool (int)
ols_GetDefaultProfileIndex int ()
ols_GetMaxProfiles int ()
ols_GetNumProfiles int ()
ols_GetProfileControllerSlotID int (int)
ols_IsAwardThemeComplete bool ()
ols_IsConnectedToHost bool ()
ols_IsOnlineConnectActive bool ()
ols_IsProfileGuest bool ()
ols_IsProfileLoggedIn bool ()
ols_IsProfileOnline bool ()
ols_IsSteamEnabled bool ()
ols_IsUIActive bool ()
ols_LoadProfile void (int)
ols_SaveProfile void (int)
ols_SaveProfileNoFE void (int)
ols_ShowLogin void (bool)
ols_ShowOnlineConnect void (bool)
ols_ShowRedeemToken bool (int)
opt_GetKey bool (string)
opt_GetKeyValue string (string)
pd_GetIsPresentationActive bool ()
pd_GetIsPresentationTemplateActive bool ()
pd_GetPresentationTemplateName string ()
pd_GetPresentationTemplatePriority int ()
pd_GetPresentationTemplateState int ()
pd_GetPresentationTemplateStateName string ()
pd_SetPresentationTemplateState void (int, string, int)
phys_EnablePhysics void (handle, bool)
phys_GetExclusionGroup int (handle)
phys_GetNextExclusionGroup int ()
phys_SetAngularVelocity void (handle, vector, int)
phys_SetExclusionGroup void (handle, int)
phys_SetKeyframed void (handle, bool)
phys_SetLinearVelocity void (handle, vector, int)
phys_SetPhysicsLODEnabled void (handle, bool)
phys_WakeUpObject void (handle)
pm_ActivateEffectPropsByPackage int (string)
pm_ActivateProp bool (handle)
pm_ActivatePropsByTag int (string)
pm_DeactivateEffectPropsByPackage int (string)
pm_DeactivateProp bool (handle)
pm_DeactivatePropsByTag int (string)
pm_DebugReset void ()
pm_DrawInertia void (int)
pm_DrawObjectUIDs void ()
pm_EnablePropCache void (bool)
pm_FlushPropCache void ()
pm_IsHighLOD bool (handle)
pm_IsLowLOD bool (handle)
pm_IsProp bool (handle)
pm_ListAllConstraints void ()
pm_ListAsleepObjects void ()
pm_ListAwakePhysicsObjects void ()
pm_ListCollisionObjects void (int)
pm_ListConstraints void (int)
pm_ListMovableObjects void ()
pm_ListObjects void ()
pm_ListPhysicsObjects void ()
pm_ListSelectedObjects void (bool, bool, bool, bool)
pm_ListStaticObjects void ()
pm_ListTriggerObjects void ()
pm_ListVolumes void (int)
pm_LogCollisions void (int)
pm_ObjectInfo void (int)
pm_OverridePropPriority bool (handle, enum)
pm_RestorePropPriority bool (handle)
pm_SetBroadcastStateWithTag void (string, bool)
pm_SetSolverIterations void (int, int)
pm_Substeps void (int)
pm_ToggleVisibilityBV int ()
pm_TrackAABB void (int)
positionfactory_unitTestConfigure void (table)
positionfactory_unitTestUpdate void ()
puppet_ReloadSPUModules void ()
puppet_ToggleMultithreading void ()
render_DetachMainThread void (bool)
render_ReloadShader void (string)
render_RestoreShader void (string)
render_SubframeInterpolation void (bool)
rm_AddMotionBlurProfile int (float, float, float)
rm_ClearBloodSplatters void ()
rm_DebugPrintParticleFillInfo void ()
rm_DisableFinalCopyEffects void (bool)
rm_DisableFrontendBlur void (float)
rm_DisableGraphicNovelEffect void ()
rm_EatVirtualMemory void (int)
rm_EnableAttachedLights void (handle, bool)
rm_EnableFBEffect void (string, bool)
rm_EnableFastRendering void ()
rm_EnableFrontendBlur void (float, float, float, float, float)
rm_EnableGymLighting void (bool)
rm_EnableLaserRendering void (bool)
rm_EnableMidground void (bool)
rm_EnableMidgroundFading void (bool)
rm_EnableParticleSystemThrottle void (bool)
rm_EnablePauseRendering void (bool)
rm_EnableVehicleHeadlights void (handle, bool)
rm_EnableWireframe void (bool)
rm_GetAvailableResolutionHeight int (int)
rm_GetAvailableResolutionWidth int (int)
rm_GetNumAvailableResolutions int ()
rm_IsFSAASupported bool (int)
rm_IsResolutionRecommended bool (int, int)
rm_IsResolutionSupported bool (int, int)
rm_LimitPerFrameEffectSpawns void (bool)
rm_MaskOutFromMotionBlur void (handle, bool)
rm_RemoveMotionBlurProfile void (int)
rm_ResetEffectManager void ()
rm_ResetParticleStatistics void ()
rm_RevertFillRateCapNIS void ()
rm_ScaleRadialBlurSamples void (float)
rm_SetAttachedLightColour void (handle, vector, float)
rm_SetFSAA void (enum)
rm_SetFillRateCapNIS void ()
rm_SetFillRateThrottle void (int)
rm_SetGamma void (float)
rm_SetGeoLODBias void (float)
rm_SetGlobalShadowRangeHack void (float)
rm_SetPackLeaderVisionStrength void (float)
rm_SetPrimitiveSelectionCoords void (float, float)
rm_SetResolution void (int, int)
rm_SetShadowResolution void (int)
rm_SetVSync void (bool)
rm_StopRadialBlur void ()
rm_SuppressRadialBlur void (bool)
rm_ToggleDistortion void ()
rm_ToggleLightBoundingSphereDebugDisplay void ()
rm_ToggleLightsDebugDisplay void ()
rm_ToggleMotionTrailDebugDisplay void ()
rm_ToggleOccluderDebugDisplay void ()
rm_ToggleParticleStatisticsDisplay void ()
rm_ToggleParticleSystemDebugDisplay void ()
rm_TogglePrimitiveBoundingBoxDebugDisplay void ()
rm_TogglePrimitiveSelection void ()
rm_ToggleShaderLODDebug void ()
rm_ToggleShaderLODEnabled void ()
rm_ToggleShadowFrustumDebugDisplay void ()
rm_ToggleShadowTextureDebugDisplay void ()
sc_AttachCameraToObject bool (int, handle, string, vector, int, bool)
sc_Clear void (int)
sc_Done void (int)
sc_IsFinished bool (int)
sc_IsRunning bool (int)
sc_SetCameraAnimation bool (int, string)
sc_SetCameraAnimationParams bool (int, float, float, float, bool, bool)
sc_SetCameraObject bool (int, handle, string, vector, int, bool)
sc_SetCameraPosition bool (int, vector)
sc_SetCameraPositionSpline bool (int)
sc_SetDOF bool (int, float, float, float, float)
sc_SetHFOV bool (int, float)
sc_SetOrthographicMode void (int, bool)
sc_SetSplineCV bool (float, vector, float, float, float, bool)
sc_SetTargetObject bool (int, handle, string, vector, int, bool)
sc_SetTargetPosition bool (int, vector)
sc_SetTargetPositionSpline bool (int)
sc_SetUpVector void (int, vector)
sc_SetUseForSpawning void (int, bool)
sc_SetVFOV bool (int, float)
sc_Start bool (int)
sc_StartSpline bool (int)
scenario_PrintEvents void ()
scenario_SetMission void (int, int)
scenario_SetTutorialMode void (bool)
setCloudLayerRot void (int, float)
setdb_GetDebugDraw_Character_Buttons bool ()
setdb_GetDebugDraw_Character_Charge bool ()
setdb_GetDebugDraw_Character_Manager bool ()
setdb_GetDebugDraw_Character_Motion bool ()
setdb_GetDebugDraw_Character_StayOnRooftop bool ()
setdb_GetDebugDraw_Effects_Fog bool ()
setdb_GetDebugDraw_Effects_HitEffect bool ()
setdb_GetDebugDraw_Fight_Lambdas_DebugDrawColour vector ()
setdb_GetDebugDraw_Fight_Lambdas_DebugDrawDuration float ()
setdb_GetDebugDraw_Fight_Lambdas_Direction bool ()
setdb_GetDebugDraw_Fight_Lambdas_GameObject bool ()
setdb_GetDebugDraw_Fight_Lambdas_Position bool ()
setdb_GetDebugDraw_Fight_Lambdas_WebTarget bool ()
setdb_GetDebugDraw_Fight_Sequencer bool ()
setdb_GetDebugDraw_Fight_Sequencers bool ()
setdb_GetDebugDraw_Fight_Variables bool ()
setdb_GetDebugDraw_InteractiveSmartnodes bool ()
setdb_GetDebugDraw_Paths bool ()
setdb_GetDebugDraw_Physics_BoundingBoxes bool ()
setdb_GetDebugDraw_Physics_Contacts bool ()
setdb_GetDebugDraw_Physics_MeshNeighbours bool ()
setdb_GetDebugDraw_Physics_Meshes bool ()
setdb_GetDebugDraw_Physics_Names bool ()
setdb_GetDebugDraw_Physics_SupportingLimb bool ()
setdb_GetDebugDraw_Physics_Volumes bool ()
setdb_GetDebugDraw_Smartnodes bool ()
setdb_GetDebugDraw_Spawners bool ()
setdb_GetDebugDraw_Targeting bool ()
setdb_GetDebugDraw_TriggerVolumes bool ()
setdb_GetDebugDraw_Web_Web bool ()
setdb_GetDebugDraw_Web_WebLash bool ()
setdb_GetDebugDraw_Web_WebLashInfo bool ()
setdb_GetLocomotion_NewFeatures_MarioJumps bool ()
setdb_GetLocomotion_Scale_SprintVelocity float ()
setdb_GetOnline_LaunchProductCodeInput bool ()
setdb_GetRender_BaseShader_AmbientLightColour vector ()
setdb_GetRender_BaseShader_DiffuseMapEnabled bool ()
setdb_GetRender_BaseShader_LODTransitionDepth float ()
setdb_GetRender_BaseShader_NormalMapEnabled bool ()
setdb_GetRender_BaseShader_SunLightColour vector ()
setdb_GetRender_BaseShader_UseShaderLOD bool ()
setdb_GetRender_Debug_Rendering_LightBoundingSpheres bool ()
setdb_GetRender_Debug_Rendering_Lights bool ()
setdb_GetRender_Debug_Rendering_NormalLength float ()
setdb_GetRender_Debug_Rendering_Normals bool ()
setdb_GetRender_Debug_Rendering_PrimitiveBoundingBoxes bool ()
setdb_GetRender_Debug_Rendering_PrimitiveSelection bool ()
setdb_GetRender_Debug_Rendering_Webs bool ()
setdb_GetRender_Debug_Rendering_WireframeOverlay bool ()
setdb_GetRender_Effects_EnableEffectsDisplay bool ()
setdb_GetRender_Effects_MotionTrails_OverrideSegmentLength float ()
setdb_GetRender_Effects_MotionTrails_OverrideSplineLength float ()
setdb_GetRender_Exposure_ExposureOverride float ()
setdb_GetRender_Exposure_ExposurePower float ()
setdb_GetRender_Exposure_LuminanceAdaptRate float ()
setdb_GetRender_Exposure_MaxExposure float ()
setdb_GetRender_Exposure_MinExposure float ()
setdb_GetRender_Exposure_TargetLuminance float ()
setdb_GetRender_Maya_CGFX_Parameters_DEBUG_EnableColourGrading bool ()
setdb_GetRender_Maya_CGFX_Parameters_DEBUG_HazeScaler float ()
setdb_GetRender_Maya_CGFX_Parameters_DEBUG_MaxBounceLuminance float ()
setdb_GetRender_Maya_CGFX_Parameters_DEBUG_MinBounceLuminance float ()
setdb_GetRender_Maya_CGFX_Parameters_DEBUG_ShadowDiffusePower float ()
setdb_GetRender_Maya_CGFX_Parameters_DEBUG_ShadowDiffuseScaler float ()
setdb_GetRender_Maya_CGFX_Parameters_DEBUG_ShadowSpecularPower float ()
setdb_GetRender_Maya_CGFX_Parameters_DEBUG_ShadowSpecularScaler float ()
setdb_GetRender_Maya_CGFX_Parameters_DEBUG_ShowColorVariation bool ()
setdb_GetRender_Maya_CGFX_Parameters_DEBUG_ShowDiffuseMap bool ()
setdb_GetRender_Maya_CGFX_Parameters_DEBUG_ShowFresnelMask bool ()
setdb_GetRender_Maya_CGFX_Parameters_DEBUG_ShowNormalMap bool ()
setdb_GetRender_Maya_CGFX_Parameters_DEBUG_ShowSSAO bool ()
setdb_GetRender_Maya_CGFX_Parameters_DEBUG_ShowSpecularIntensity bool ()
setdb_GetRender_Maya_CGFX_Parameters_DEBUG_ShowSpecularRoughness bool ()
setdb_GetRender_Maya_CGFX_Parameters_DEBUG_ShowTangent bool ()
setdb_GetRender_Maya_CGFX_Parameters_DEBUG_ShowTangentW bool ()
setdb_GetRender_Maya_CGFX_Parameters_DEBUG_ShowVMAO bool ()
setdb_GetRender_Maya_CGFX_Parameters_DEBUG_ShowVMBounce bool ()
setdb_GetRender_Maya_CGFX_Parameters_DEBUG_SunDiffusePower float ()
setdb_GetRender_Maya_CGFX_Parameters_DEBUG_SunDiffuseScaler float ()
setdb_GetRender_Maya_CGFX_Parameters_DEBUG_SunSpecularPower float ()
setdb_GetRender_Maya_CGFX_Parameters_DEBUG_SunSpecularScaler float ()
setdb_GetRender_Maya_CGFX_Parameters_DEBUG_UseVertexViewForSpeculars bool ()
setdb_GetRender_Maya_CGFX_Parameters_DEBUG_WebCubeMapIntensityScale float ()
setdb_GetRender_Maya_CGFX_Parameters_DEBUG_WebOpacityScale float ()
setdb_GetRender_Maya_CGFX_Parameters_LIGHT_AmbientColor vector ()
setdb_GetRender_Maya_CGFX_Parameters_LIGHT_AmbientLight bool ()
setdb_GetRender_Maya_CGFX_Parameters_LIGHT_Bloom bool ()
setdb_GetRender_Maya_CGFX_Parameters_LIGHT_BumpDepth float ()
setdb_GetRender_Maya_CGFX_Parameters_LIGHT_Diffuse bool ()
setdb_GetRender_Maya_CGFX_Parameters_LIGHT_DiffuseMap bool ()
setdb_GetRender_Maya_CGFX_Parameters_LIGHT_Fresnel bool ()
setdb_GetRender_Maya_CGFX_Parameters_LIGHT_Haze bool ()
setdb_GetRender_Maya_CGFX_Parameters_LIGHT_SSAO bool ()
setdb_GetRender_Maya_CGFX_Parameters_LIGHT_Specular bool ()
setdb_GetRender_Maya_CGFX_Parameters_LIGHT_SunColor vector ()
setdb_GetRender_Maya_CGFX_Parameters_LIGHT_SunLight bool ()
setdb_GetRender_Maya_CGFX_Parameters_LIGHT_VMAO bool ()
setdb_GetRender_Maya_CGFX_Parameters_LIGHT_VMBounce bool ()
setdb_GetRender_Maya_CGFX_Parameters_LIGHT_VMBounceIntensity float ()
setdb_GetRender_Passes_Bloom_BlurSize float ()
setdb_GetRender_Passes_Bloom_DebugRender bool ()
setdb_GetRender_Passes_Bloom_DebugRenderParticleMask bool ()
setdb_GetRender_Passes_Bloom_EnableParticleMask bool ()
setdb_GetRender_Passes_Bloom_Enabled bool ()
setdb_GetRender_Passes_Bloom_Exposure float ()
setdb_GetRender_Passes_Bloom_ExposurePower float ()
setdb_GetRender_Passes_Bloom_Gamma float ()
setdb_GetRender_Passes_Bloom_MotionBlurScale float ()
setdb_GetRender_Passes_Bloom_ParticleContribution float ()
setdb_GetRender_Passes_Bloom_ParticleIntensity float ()
setdb_GetRender_Passes_Bloom_ParticleSaturation float ()
setdb_GetRender_Passes_Bloom_Saturation float ()
setdb_GetRender_Passes_Bloom_Strength vector ()
setdb_GetRender_Passes_CombineVMAO_DebugRender bool ()
setdb_GetRender_Passes_DebugRender_Alpha bool ()
setdb_GetRender_Passes_DebugRender_Blue bool ()
setdb_GetRender_Passes_DebugRender_DoubleSize bool ()
setdb_GetRender_Passes_DebugRender_Green bool ()
setdb_GetRender_Passes_DebugRender_Red bool ()
setdb_GetRender_Passes_Decal_DebugRender bool ()
setdb_GetRender_Passes_Decal_Enabled bool ()
setdb_GetRender_Passes_DeferredLight_DebugDeferredLightQuadX float ()
setdb_GetRender_Passes_DeferredLight_DebugDeferredLightQuadY float ()
setdb_GetRender_Passes_DeferredLight_DebugDeferredLightSetup bool ()
setdb_GetRender_Passes_DeferredLight_DebugRender bool ()
setdb_GetRender_Passes_DeferredLight_EnableStencil bool ()
setdb_GetRender_Passes_DeferredLight_Enabled bool ()
setdb_GetRender_Passes_DeferredLight_HorizontalQuads int ()
setdb_GetRender_Passes_DeferredLight_VerticalQuads int ()
setdb_GetRender_Passes_DeferredShadows_PCFRadius float ()
setdb_GetRender_Passes_DeferredShadows_ShowShadowEdgStencil bool ()
setdb_GetRender_Passes_DepthOfField_Aperture float ()
setdb_GetRender_Passes_DepthOfField_EnableStencil bool ()
setdb_GetRender_Passes_DepthOfField_EnableStencilDebug bool ()
setdb_GetRender_Passes_DepthOfField_Enabled bool ()
setdb_GetRender_Passes_DepthOfField_FarDepth float ()
setdb_GetRender_Passes_DepthOfField_NearDepth float ()
setdb_GetRender_Passes_DepthOfField_Range float ()
setdb_GetRender_Passes_Distortion_DebugRender bool ()
setdb_GetRender_Passes_Distortion_Enabled bool ()
setdb_GetRender_Passes_Distortion_NoiseFrequency float ()
setdb_GetRender_Passes_Distortion_NoiseSpeed float ()
setdb_GetRender_Passes_Distortion_NoiseStrength float ()
setdb_GetRender_Passes_Distortion_NormalStrength float ()
setdb_GetRender_Passes_EdgeFixup_Enabled bool ()
setdb_GetRender_Passes_FXAA_Console_EdgeSharpness float ()
setdb_GetRender_Passes_FXAA_Console_EdgeThreshold float ()
setdb_GetRender_Passes_FXAA_Console_EdgeThresholdMin float ()
setdb_GetRender_Passes_FXAA_Console_SubPixel float ()
setdb_GetRender_Passes_FXAA_Level int ()
setdb_GetRender_Passes_FXAA_Quality_EdgeThreshold float ()
setdb_GetRender_Passes_FXAA_Quality_EdgeThresholdMin float ()
setdb_GetRender_Passes_FXAA_Quality_SubPixel float ()
setdb_GetRender_Passes_FinalCopy_EnableColourGrade bool ()
setdb_GetRender_Passes_FinalCopy_FlipViewHorizontally bool ()
setdb_GetRender_Passes_FindEdgePixels_DebugRender bool ()
setdb_GetRender_Passes_FindEdgePixels_Enabled bool ()
setdb_GetRender_Passes_FrontendBlur_BlurScale float ()
setdb_GetRender_Passes_FrontendBlur_Enabled bool ()
setdb_GetRender_Passes_GraphicNovel_BGColour vector ()
setdb_GetRender_Passes_GraphicNovel_BlurRadius float ()
setdb_GetRender_Passes_GraphicNovel_BorderColour vector ()
setdb_GetRender_Passes_GraphicNovel_BorderThreshold float ()
setdb_GetRender_Passes_GraphicNovel_EnableGraphicNovelEffect bool ()
setdb_GetRender_Passes_GraphicNovel_FadeInTime float ()
setdb_GetRender_Passes_GraphicNovel_FadeOutTime float ()
setdb_GetRender_Passes_GroundReflection_DebugRenderReflection bool ()
setdb_GetRender_Passes_GroundReflection_Enabled bool ()
setdb_GetRender_Passes_HUD_Enable bool ()
setdb_GetRender_Passes_HuntingSensePulse_DistortionDistFalloff float ()
setdb_GetRender_Passes_HuntingSensePulse_DistortionNoisiness float ()
setdb_GetRender_Passes_HuntingSensePulse_DistortionScale float ()
setdb_GetRender_Passes_HuntingSensePulse_DistortionSeparation float ()
setdb_GetRender_Passes_HuntingSensePulse_DistortionSize float ()
setdb_GetRender_Passes_HuntingSensePulse_NoiseContrast float ()
setdb_GetRender_Passes_HuntingSensePulse_NoisePower float ()
setdb_GetRender_Passes_HuntingSensePulse_NoiseScale float ()
setdb_GetRender_Passes_HuntingSensePulse_PulseColour vector ()
setdb_GetRender_Passes_HuntingSensePulse_PulseSize float ()
setdb_GetRender_Passes_HuntingSense_EnableHuntingSenseEffect bool ()
setdb_GetRender_Passes_HuntingSense_HuntingSenseScreenTint vector ()
setdb_GetRender_Passes_HuntingSense_VignetteAdditive float ()
setdb_GetRender_Passes_HuntingSense_VignetteDistance float ()
setdb_GetRender_Passes_HuntingSense_VignettePosition1 vector ()
setdb_GetRender_Passes_HuntingSense_VignettePosition2 vector ()
setdb_GetRender_Passes_HuntingSense_VignetteStrength1 float ()
setdb_GetRender_Passes_HuntingSense_VignetteStrength2 float ()
setdb_GetRender_Passes_LensFlare_BladeAngle float ()
setdb_GetRender_Passes_LensFlare_BloomFlareColour vector ()
setdb_GetRender_Passes_LensFlare_BloomFlarePosition float ()
setdb_GetRender_Passes_LensFlare_Enable bool ()
setdb_GetRender_Passes_LensFlare_NightStarExposure float ()
setdb_GetRender_Passes_LensFlare_NightStarSize float ()
setdb_GetRender_Passes_LensFlare_SunAnamorphicColour vector ()
setdb_GetRender_Passes_LensFlare_SunAnamorphicExposure float ()
setdb_GetRender_Passes_LensFlare_SunAnamorphicSize float ()
setdb_GetRender_Passes_LensFlare_SunGhostExposure float ()
setdb_GetRender_Passes_LensFlare_SunGhostSize float ()
setdb_GetRender_Passes_LensFlare_SunStarExposure float ()
setdb_GetRender_Passes_LensFlare_SunStarSize float ()
setdb_GetRender_Passes_Midground_Enable bool ()
setdb_GetRender_Passes_MotionBlur_BlurCutoffDistance float ()
setdb_GetRender_Passes_MotionBlur_BlurCutoffRange float ()
setdb_GetRender_Passes_MotionBlur_BlurMixPower float ()
setdb_GetRender_Passes_MotionBlur_BlurMixScale float ()
setdb_GetRender_Passes_MotionBlur_BlurScale float ()
setdb_GetRender_Passes_MotionBlur_BlurWhenPaused bool ()
setdb_GetRender_Passes_MotionBlur_EnableDebugView bool ()
setdb_GetRender_Passes_MotionBlur_Enabled bool ()
setdb_GetRender_Passes_Opaque_Enable bool ()
setdb_GetRender_Passes_Particles_BilateralDepthScale float ()
setdb_GetRender_Passes_Particles_DebugRenderLightingBuffer bool ()
setdb_GetRender_Passes_Particles_DebugRenderOffscreen bool ()
setdb_GetRender_Passes_Particles_EnableBilateralUpsample bool ()
setdb_GetRender_Passes_Particles_EnableLighting bool ()
setdb_GetRender_Passes_Particles_EnableOverdrawVisualization bool ()
setdb_GetRender_Passes_Particles_EnableSimpleUpsample bool ()
setdb_GetRender_Passes_Particles_ForcePerformanceMode int ()
setdb_GetRender_Passes_Particles_OverdrawVisualizationScale float ()
setdb_GetRender_Passes_Particles_RenderOnlyLightingContribution bool ()
setdb_GetRender_Passes_Particles_SubDrawCallRangeBegin int ()
setdb_GetRender_Passes_Particles_SubDrawCallRangeEnd int ()
setdb_GetRender_Passes_Rain_DebugLights bool ()
setdb_GetRender_Passes_Rain_DebugRender bool ()
setdb_GetRender_Passes_Rain_Enable bool ()
setdb_GetRender_Passes_SSAO_AOOffset float ()
setdb_GetRender_Passes_SSAO_AOScale float ()
setdb_GetRender_Passes_SSAO_BilateralDepthScale vector ()
setdb_GetRender_Passes_SSAO_DebugRender bool ()
setdb_GetRender_Passes_SSAO_DefaultAO float ()
setdb_GetRender_Passes_SSAO_DepthImportance float ()
setdb_GetRender_Passes_SSAO_Enabled bool ()
setdb_GetRender_Passes_SSAO_SampleScale float ()
setdb_GetRender_Passes_Shadow_Enable bool ()
setdb_GetRender_Passes_TestPattern_Enable bool ()
setdb_GetRender_Passes_TestPattern_SelectPattern int ()
setdb_GetRender_Passes_Translucent_Enable bool ()
setdb_GetRender_Passes_ZNormalCapture_DebugRenderNormals bool ()
setdb_GetRender_Passes_ZNormalCapture_Enabled bool ()
setdb_GetRender_Passes_mipmapBias float ()
setdb_GetRender_ShaderLODSettings_Distance float ()
setdb_GetRender_ShaderLODSettings_Enable bool ()
setdb_GetRender_ShaderLODSettings_UseErrorShader bool ()
setdb_GetRender_Shader_Debug_Tunables_ShaderDebugTunable0 vector ()
setdb_GetRender_Shader_Debug_Tunables_ShaderDebugTunable1 vector ()
setdb_GetRender_Shader_Debug_Tunables_ShaderDebugTunable2 vector ()
setdb_GetRender_Shader_Debug_Tunables_ShaderDebugTunable3 vector ()
setdb_GetRender_Specular_Tuning_Display_Spec_Only bool ()
setdb_GetRender_Specular_Tuning_Material_ID float ()
setdb_GetRender_Specular_Tuning_Material_Properties_Intensity_Roughness vector ()
setdb_GetRender_Specular_Tuning_Override_Material_Properties bool ()
setdb_GetRender_SwapMargins_FrameFraction float ()
setdb_GetRender_Tendrils_TendrilGlobalThicknessScale float ()
setdb_GetRender_Tendrils_TendrilGlobalThicknessScaleAtIntermediatePoint float ()
setdb_GetRender_Tendrils_TendrilSegmentLength float ()
setdb_GetRender_Tendrils_TendrilSegmentRotation float ()
setdb_GetRender_Tendrils_ThicknessDistanceModifier float ()
setdb_GetRender_ToneMapping_BlackAdjust float ()
setdb_GetRender_ToneMapping_BlackSlope float ()
setdb_GetRender_ToneMapping_GreyReference float ()
setdb_GetRender_ToneMapping_MidtoneAdjust float ()
setdb_GetRender_ToneMapping_MidtoneSlope float ()
setdb_GetRender_ToneMapping_PreContrast float ()
setdb_GetRender_ToneMapping_ShoulderWidth float ()
setdb_GetRender_ToneMapping_ToeWidth float ()
setdb_GetStreamer_DetailCellFadeSize float ()
setdb_GetStreamer_DetailCellFadeStart float ()
setdb_GetStreamer_HighDetailCache_DisplayOutstandingTextures bool ()
setdb_GetTesting_TestBool bool ()
setdb_GetTesting_TestColour vector ()
setdb_GetTesting_TestFloat float ()
setdb_GetTesting_TestInt int ()
setdb_GetTesting_TestUInt int ()
setdb_GetTesting_TestVector vector ()
sgm_AutoLoadGame bool ()
sgm_AutoSave bool ()
sgm_ClearSpawnPosition void ()
sgm_HasValidAutoSaveSlot bool ()
sgm_IsActive bool ()
sgm_IsContinueGameAvailable bool ()
sgm_IsProfileSaveActive bool ()
sgm_LoadGame bool ()
sgm_NewGameFromExistingSlot void (string, int)
sgm_OnMissionRetry void ()
sgm_PostPauseRestart void ()
sgm_ProfileSave bool ()
sgm_QueryAutoSaveData void ()
sgm_QuerySaveData void ()
sgm_RestartGame void ()
sgm_SaveGame bool ()
sgm_SetSpawnPosition void (float, float, float, float, float, float)
sgm_SetSuppressLoad void (bool)
sgm_SetSuppressSave void (bool)
sgm_StartFirstTimeNewGamePlusGame void (int, bool)
sgm_StartFirstTimePlayingNewGame void (int, bool)
sm_CancelTimer void (int)
sm_StartTimer int (float, string)
smartnode_GetOrientation vector (handle, int)
smartnode_GetPosition vector (handle, int)
smrt_ClearForcedTarget void ()
smrt_IgnoreStickUse void (bool)
smrt_IsTargetAutoSelectionOn bool ()
smrt_SetAlwaysOn void (bool)
smrt_SetForcedTarget void (handle, float, float)
smrt_SetTargetAutoSelection void (bool)
smrt_TimeToGetToTargetOverride void (float)
snd_AddEnvironmentalSetting void (string)
snd_ApplyEnvironmentalSetting void ()
snd_DisableAllVirtualCharacters void ()
snd_DisableVirtualCharacter void (string)
snd_EnableVirtualCharacter void (string)
snd_EnterDialog void ()
snd_ExitDialog void ()
snd_GetListenerOffset float ()
snd_IsDialogueSequenceAMonologue bool (string)
snd_KillAllDialogue void ()
snd_KillAllDialogueSequences void ()
snd_KillDialogueSequenceByTag void (string)
snd_MixEventII void (string, bool, float)
snd_PlayDialogueSequence void (string, string)
snd_PlayFrontEndSound void (string)
snd_PlayMusic void (string, string, string, string, int, bool)
snd_PlaySequenceFromPauseMenu void (string)
snd_RemoveEnvironmentalSetting void (string)
snd_SetGameObjectCharacterClassByGOH void (handle, string)
snd_SetGameObjectCharacterClassByName void (string, string)
snd_SetListenerOffset void (float)
snd_SetListenerOverride void (handle)
snd_StopFrontEndSound void (string)
snd_StopMusic void (string)
snd_Trigger void (string, string, string, handle)
spn_DefineEncounter2_CPP handle (table, string)
spn_DumpAll void ()
spn_ModifyTemplate bool (handle, string, table)
spn_StopSpawning void (handle)
spn_ToggleSpawning void (handle, bool)
squad_Add void (handle, handle)
squad_Clear void (handle)
squad_Create handle (string, string)
squad_DoneSetup void (handle)
squad_GetMember handle (handle, int)
squad_GetNumAliveMembers int (handle)
squad_GetNumHealthyMembers int (handle)
squad_GetNumMembers int (handle)
squad_Remove void (handle, handle)
stats_AddStat void (string, int)
stats_AddTimeBasedStat void (string, int, int)
stats_ClearStorageFileMemory void ()
stats_ClearValue void (string)
stats_FlushTemporaryStats void ()
stats_ForceResetAndSync void (bool)
stats_GetCompetitiveStatRequirement int (string)
stats_GetNumPrimitiveStats int (int)
stats_GetNumVisibleStats int ()
stats_GetPrimitiveStatBannerGroupByIndices enum (int, int)
stats_GetPrimitiveStatDescription string (int, int)
stats_GetPrimitiveStatDescriptionByIndices string (int, int)
stats_GetPrimitiveStatDescriptionByName string (string)
stats_GetPrimitiveStatMax int (int, int)
stats_GetPrimitiveStatStringValue string (int, int)
stats_GetPrimitiveStatValue int (int, int)
stats_GetPrimitiveStatValueByName int (string)
stats_GetPrimitiveStatVisualizationType int (int, int)
stats_GetVisibleStatDescription string (int)
stats_InitCompetitiveFriends void ()
stats_IsCompetitiveStatUnlocked bool (string)
stats_IsCompleted bool (string)
stats_IsFriendDataValid bool ()
stats_IsLowerBetter bool (string)
stats_IsValueSet bool (string)
stats_IsValueSetByIndices bool (int, int)
stats_Reset void ()
stats_RunningCompetitiveStat void (string, int)
stats_SerializeStatsToStorageBuffer void ()
stats_SetArrayStat void (string, int, int)
stats_SetBest bool (string, int)
stats_SetCheatPercent void (float, float)
stats_SetDebugRefreshTime float (float)
stats_SetInGameplay void (bool)
stats_SetStat void (string, int)
stats_UnSerializeFromStorageBuffer void ()
stats_UnlockCompetitiveStat bool (string, bool)
storage_BootCheckAsync void (int, bool)
storage_GetLastResult bool ()
storage_IsAsyncOperationComplete bool ()
storage_IsAvailable bool ()
storage_SetIsAvailable void (bool)
stream_AreWorldCellsLoadedAndDesired bool (table)
stream_BeginWorldStreaming void ()
stream_ForceCellsLoaded void (table)
stream_IsPackageUnloaded bool (string)
stream_PackageExists bool (string)
stream_PackageReady bool (string)
stream_PackageUnLoad bool (string)
stream_ResetWorldCells void ()
stream_StopWorldStreaming void ()
tbub_Activate int (float, float, float, float, string, bool)
tbub_Cancel void (int, bool)
tbub_CancelAll void (bool)
tbub_Enable void (bool)
test_UseNewTargetingScheme void (bool)
time_GetElapsedRealTime float ()
time_GetElapsedTime float ()
time_GetRealTimeDelta float ()
time_GetSimulationDelta float ()
tm_ListTriggerObjects void ()
tod_BlendColourGrade void (int, float)
tod_BlendTo void (string, string, float)
tod_DelayedBlendColourGrade void (int, int, float, float)
tod_EnableUpdate void (bool)
tod_ExposureScaler void (float)
tod_FogDensityScaler void (float)
tod_GetDayLength float ()
tod_GetIsTimeOfDayBusy bool ()
tod_GetTimeOfDawn float ()
tod_GetTimeOfDay float ()
tod_GetTimeOfDusk float ()
tod_LoadPackage void (string)
tod_SetBaseProfile void (string, string)
tod_SetSpeed void (float)
tod_SetTimeOfDay void (float)
tod_SuppressRandomLightning void (float)
tod_TriggerLightning void (float)
tv_AttachNewTriggerVolumeToObject handle (string, string, float, handle)
tv_CloneAndExpand handle (string, handle, vector)
tv_GetDimensions vector (handle)
tv_IsGOInTrigger bool (handle, handle)
um_GetAcquired bool (int, int)
um_GetAvailable bool (int, int)
um_GetCategoryPurchaseType int ()
um_GetDisplayedInFE bool (int, int)
um_GetFEIdentifier string (int, int)
um_GetHasNonDisplayedInFE bool (int)
um_GetListHasAvailable bool (int)
um_GetPrerequisiteStatisfied bool (int, int)
um_GetPurchaseCost int (int, int)
um_GetPurchaseType int (int, int)
um_GetUnlockableEnum int (int, int)
um_GetUnlockableListIndex int (int, int)
um_GetUnlockableType int (int)
um_GetUnlockablesListCount int (int)
um_SetAcquired void (int, int, bool)
um_SetDisplayedInFE void (int, int, bool)
unlockable_CheckForUnlocksInMission int (int, string)
unlockable_ClearPurchaseTypeCount void (int)
unlockable_GetNumAvailableForPurchase int ()
unlockable_HasDisplayedInFE bool (int, int)
unlockable_IncrementPurchaseType void (int)
unlockable_IsAcquired bool (int, int)
unlockable_IsActivated bool (int, int)
unlockable_IsAvailable bool (int, int)
unlockable_SetDisplayedInFE void (int, int, bool)
unlockable_SetDisplayedInFEAll void (int, bool, bool)
unlockable_SetIsAcquired void (int, int, bool)
unlockable_SetIsAcquiredAll void (int, bool, bool)
unlockable_SetIsAcquiredByUnlockableType void (int, int, bool)
unlockable_SetIsActivated void (int, int, bool)
unlockable_SetIsActivatedAll void (int, bool, bool)
unlockable_SetIsActivatedByUnlockableType void (int, int, bool)
unlockable_SetIsAvailable void (int, int, bool)
unlockable_SetIsAvailableAll void (int, bool, bool)
unlockable_SetIsAvailableByUnlockableType void (int, int, bool)
unlockable_ToggleConsumableUnlockables void (bool)
unlockable_UnlockForMission void (string, bool, bool, bool, bool)
util_DebugSetDeterministic void (bool)
util_GetRandomFloat float ()
util_GetSpecialAttackGlow float ()
util_GetWorldAngle float (vector)
util_GetWorldOrientation float (float, float)
util_RotateYVector vector (float, vector)
util_SetSpecialAttackGlow void (float)
violence_IsAllowed bool (int)
violence_SetMask void (int)
violence_getFeIdentifier string (int)
violence_modMaskBit void (int, bool)
wcm_Reset void ()
web_AttachObjects bool (handle, handle, string, int, bool, bool)

-------------------Functions (Dynamic) 85 -------------------
address_FindAddress(dynamic)
address_FindAddressByPath(dynamic)
address_FindAddressList(dynamic)
address_GetAddressByPath(dynamic)
address_GetChild(dynamic)
address_GetTransform(dynamic)
address_SetOrientation(dynamic)
address_SetPosition(dynamic)
address_SetTransform(dynamic)
ai_AddHunterVisionTarget(dynamic)
ai_CharacterAttackingPlayer(dynamic)
ai_CombatDestinationFind(dynamic)
ai_DeleteWhenOffCamera(dynamic)
ai_FindAllWatchingStealthConsume(dynamic)
ai_FindCharacters(dynamic)
ai_GetAllHunterVisionTargets(dynamic)
ai_GetAllSummoned(dynamic)
ai_GetCurrentPackLeaderSummonInfo(dynamic)
ai_GetEnemiesWatching(dynamic)
ai_PlayCommandSequence(dynamic)
ai_Rand(dynamic)
ai_Spawn_CPP(dynamic)
cm_CreateFramerCamSequence(dynamic)
debug_GetDebugStartPosition(dynamic)
debugdraw_GetLayers(dynamic)
fcm_ComputePlane(dynamic)
fe_GetFormattedLocalizedString(dynamic)
fmv_Play(dynamic)
fsm_GetEnv(dynamic)
fsm_GetPrivateEnvironment(dynamic)
fsm_GetPublicData(dynamic)
fsm_GetStateMachineInfoForPlugin(dynamic)
fsm_PostEventString(dynamic)
fsm_PostEventStringToFSM(dynamic)
fsm_StartStateMachine(dynamic)
go_DeleteObject(dynamic)
go_DestroyObject(dynamic)
go_FindGOHByName(dynamic)
go_GetAllTagged(dynamic)
go_GetCameraPositionOrientation(dynamic)
go_GetControllerStickAxis(dynamic)
go_GetGenericAttr(dynamic)
go_GetListWithAllTags(dynamic)
go_GetTransform(dynamic)
go_GetXYPowerConfiguration(dynamic)
go_IsValid(dynamic)
go_QueryState(dynamic)
go_SetButtonHintInfo(dynamic)
go_SetGenericAttr(dynamic)
go_SetState(dynamic)
go_SetTransform(dynamic)
go_SpawnCollectible(dynamic)
group_GetMembers(dynamic)
mm_ConfigureStreamSlotGroup(dynamic)
mm_DebugGetFreeMemoryStats(dynamic)
mm_DebugGetStreamSlotFreeMemory(dynamic)
mm_DebugGetStreamSlotGroupLists(dynamic)
mm_GetActiveMissions(dynamic)
mm_GetFreeMemoryInDynamicSlots(dynamic)
mm_GetOpenMissions(dynamic)
mm_GetTriggerOverlap(dynamic)
mm_LineOfSightTest(dynamic)
pm_FindPropByTemplate(dynamic)
pm_GetAllPlaybackStates(dynamic)
pm_GetPlaybackState(dynamic)
pm_SetPlaybackState(dynamic)
render_DrawTexture(dynamic)
render_GetShaderTemplates(dynamic)
render_ReloadTexture(dynamic)
rm_DisableLowHealthEffect(dynamic)
rm_EnableGraphicNovelEffect(dynamic)
scenario_PostEventString(dynamic)
setdb_GetItemDEBUG(dynamic)
setdb_GetSettingsStateDEBUG(dynamic)
setdb_GetSettingsTreeDEBUG(dynamic)
setdb_SetItemDEBUG(dynamic)
snd_PlayDialogueByGOH(dynamic)
snd_PlayDialogueByName(dynamic)
spn_GetTemplateInfo(dynamic)
stream_AreWorldCellsLoadedForPlayer(dynamic)
stream_PackageLoad(dynamic)
telemetry_LogData(dynamic)
tv_CreateTriggerVolume(dynamic)
unlockable_GetPurchaseTypeInfo(dynamic)
unlockable_GetUnlockableListByPurchaseType(dynamic)
